Performing C SOURCE FILE Test CMAKE_HAVE_LIBC_PTHREAD failed with the following output:
Change Dir: /home/charles/Cpp/StateStack/build/CMakeFiles/CMakeTmp

Run Build Command(s):/usr/bin/gmake cmTC_4b557/fast && /usr/bin/gmake -f CMakeFiles/cmTC_4b557.dir/build.make CMakeFiles/cmTC_4b557.dir/build
gmake[1]: Entering directory '/home/charles/Cpp/StateStack/build/CMakeFiles/CMakeTmp'
Building C object CMakeFiles/cmTC_4b557.dir/src.c.o
/usr/bin/cc   -fno-strict-aliasing -Werror=implicit-function-declaration -Werror=pointer-arith  -DCMAKE_HAVE_LIBC_PTHREAD   -o CMakeFiles/cmTC_4b557.dir/src.c.o   -c /home/charles/Cpp/StateStack/build/CMakeFiles/CMakeTmp/src.c
Linking C executable cmTC_4b557
/usr/bin/cmake -E cmake_link_script CMakeFiles/cmTC_4b557.dir/link.txt --verbose=1
/usr/bin/cc -fno-strict-aliasing -Werror=implicit-function-declaration -Werror=pointer-arith  -DCMAKE_HAVE_LIBC_PTHREAD    -rdynamic CMakeFiles/cmTC_4b557.dir/src.c.o  -o cmTC_4b557 
/usr/bin/ld: CMakeFiles/cmTC_4b557.dir/src.c.o: in function `main':
src.c:(.text+0x46): undefined reference to `pthread_create'
/usr/bin/ld: src.c:(.text+0x52): undefined reference to `pthread_detach'
/usr/bin/ld: src.c:(.text+0x63): undefined reference to `pthread_join'
collect2: error: ld returned 1 exit status
gmake[1]: *** [CMakeFiles/cmTC_4b557.dir/build.make:87: cmTC_4b557] Error 1
gmake[1]: Leaving directory '/home/charles/Cpp/StateStack/build/CMakeFiles/CMakeTmp'
gmake: *** [Makefile:121: cmTC_4b557/fast] Error 2


Source file was:
#include <pthread.h>

void* test_func(void* data)
{
  return data;
}

int main(void)
{
  pthread_t thread;
  pthread_create(&thread, NULL, test_func, NULL);
  pthread_detach(thread);
  pthread_join(thread, NULL);
  pthread_atfork(NULL, NULL, NULL);
  pthread_exit(NULL);

  return 0;
}

Determining if the function pthread_create exists in the pthreads failed with the following output:
Change Dir: /home/charles/Cpp/StateStack/build/CMakeFiles/CMakeTmp

Run Build Command(s):/usr/bin/gmake cmTC_b4dec/fast && /usr/bin/gmake -f CMakeFiles/cmTC_b4dec.dir/build.make CMakeFiles/cmTC_b4dec.dir/build
gmake[1]: Entering directory '/home/charles/Cpp/StateStack/build/CMakeFiles/CMakeTmp'
Building C object CMakeFiles/cmTC_b4dec.dir/CheckFunctionExists.c.o
/usr/bin/cc   -fno-strict-aliasing -Werror=implicit-function-declaration -Werror=pointer-arith  -DCHECK_FUNCTION_EXISTS=pthread_create   -std=gnu99 -o CMakeFiles/cmTC_b4dec.dir/CheckFunctionExists.c.o   -c /usr/share/cmake-3.16/Modules/CheckFunctionExists.c
Linking C executable cmTC_b4dec
/usr/bin/cmake -E cmake_link_script CMakeFiles/cmTC_b4dec.dir/link.txt --verbose=1
/usr/bin/cc -fno-strict-aliasing -Werror=implicit-function-declaration -Werror=pointer-arith  -DCHECK_FUNCTION_EXISTS=pthread_create    CMakeFiles/cmTC_b4dec.dir/CheckFunctionExists.c.o  -o cmTC_b4dec  -lpthreads 
/usr/bin/ld: cannot find -lpthreads
collect2: error: ld returned 1 exit status
gmake[1]: *** [CMakeFiles/cmTC_b4dec.dir/build.make:87: cmTC_b4dec] Error 1
gmake[1]: Leaving directory '/home/charles/Cpp/StateStack/build/CMakeFiles/CMakeTmp'
gmake: *** [Makefile:121: cmTC_b4dec/fast] Error 2



Performing C SOURCE FILE Test CMAKE_HAVE_LIBC_PTHREAD failed with the following output:
Change Dir: /home/charles/Cpp/StateStack/build/CMakeFiles/CMakeTmp

Run Build Command(s):/usr/bin/gmake cmTC_1f88e/fast && /usr/bin/gmake -f CMakeFiles/cmTC_1f88e.dir/build.make CMakeFiles/cmTC_1f88e.dir/build
gmake[1]: Entering directory '/home/charles/Cpp/StateStack/build/CMakeFiles/CMakeTmp'
Building C object CMakeFiles/cmTC_1f88e.dir/src.c.o
/usr/bin/cc   -fno-strict-aliasing -Werror=implicit-function-declaration -Werror=pointer-arith  -DCMAKE_HAVE_LIBC_PTHREAD   -o CMakeFiles/cmTC_1f88e.dir/src.c.o   -c /home/charles/Cpp/StateStack/build/CMakeFiles/CMakeTmp/src.c
Linking C executable cmTC_1f88e
/usr/bin/cmake -E cmake_link_script CMakeFiles/cmTC_1f88e.dir/link.txt --verbose=1
/usr/bin/cc -fno-strict-aliasing -Werror=implicit-function-declaration -Werror=pointer-arith  -DCMAKE_HAVE_LIBC_PTHREAD    -rdynamic CMakeFiles/cmTC_1f88e.dir/src.c.o  -o cmTC_1f88e 
/usr/bin/ld: CMakeFiles/cmTC_1f88e.dir/src.c.o: in function `main':
src.c:(.text+0x46): undefined reference to `pthread_create'
/usr/bin/ld: src.c:(.text+0x52): undefined reference to `pthread_detach'
/usr/bin/ld: src.c:(.text+0x63): undefined reference to `pthread_join'
collect2: error: ld returned 1 exit status
gmake[1]: *** [CMakeFiles/cmTC_1f88e.dir/build.make:87: cmTC_1f88e] Error 1
gmake[1]: Leaving directory '/home/charles/Cpp/StateStack/build/CMakeFiles/CMakeTmp'
gmake: *** [Makefile:121: cmTC_1f88e/fast] Error 2


Source file was:
#include <pthread.h>

void* test_func(void* data)
{
  return data;
}

int main(void)
{
  pthread_t thread;
  pthread_create(&thread, NULL, test_func, NULL);
  pthread_detach(thread);
  pthread_join(thread, NULL);
  pthread_atfork(NULL, NULL, NULL);
  pthread_exit(NULL);

  return 0;
}

Determining if the function pthread_create exists in the pthreads failed with the following output:
Change Dir: /home/charles/Cpp/StateStack/build/CMakeFiles/CMakeTmp

Run Build Command(s):/usr/bin/gmake cmTC_0a679/fast && /usr/bin/gmake -f CMakeFiles/cmTC_0a679.dir/build.make CMakeFiles/cmTC_0a679.dir/build
gmake[1]: Entering directory '/home/charles/Cpp/StateStack/build/CMakeFiles/CMakeTmp'
Building C object CMakeFiles/cmTC_0a679.dir/CheckFunctionExists.c.o
/usr/bin/cc   -fno-strict-aliasing -Werror=implicit-function-declaration -Werror=pointer-arith  -DCHECK_FUNCTION_EXISTS=pthread_create   -std=gnu99 -o CMakeFiles/cmTC_0a679.dir/CheckFunctionExists.c.o   -c /usr/share/cmake-3.16/Modules/CheckFunctionExists.c
Linking C executable cmTC_0a679
/usr/bin/cmake -E cmake_link_script CMakeFiles/cmTC_0a679.dir/link.txt --verbose=1
/usr/bin/cc -fno-strict-aliasing -Werror=implicit-function-declaration -Werror=pointer-arith  -DCHECK_FUNCTION_EXISTS=pthread_create    CMakeFiles/cmTC_0a679.dir/CheckFunctionExists.c.o  -o cmTC_0a679  -lpthreads 
/usr/bin/ld: cannot find -lpthreads
collect2: error: ld returned 1 exit status
gmake[1]: *** [CMakeFiles/cmTC_0a679.dir/build.make:87: cmTC_0a679] Error 1
gmake[1]: Leaving directory '/home/charles/Cpp/StateStack/build/CMakeFiles/CMakeTmp'
gmake: *** [Makefile:121: cmTC_0a679/fast] Error 2



